  Source.cpp
C:\Users\tommy\source\repos\flappybird\flappybird\Source.cpp(49,17): warning C4305: 'initializing': truncation from 'double' to 'float'
C:\Users\tommy\source\repos\flappybird\flappybird\Source.cpp(116,25): warning C4244: '+=': conversion from 'double' to 'float', possible loss of data
C:\Users\tommy\source\repos\flappybird\flappybird\Source.cpp(117,25): warning C4244: '+=': conversion from 'double' to 'float', possible loss of data
C:\Users\tommy\source\repos\flappybird\flappybird\Source.cpp(145,12): warning C4244: '=': conversion from 'int' to 'float', possible loss of data
C:\Users\tommy\source\repos\flappybird\flappybird\Source.cpp(172,10): warning C4244: 'initializing': conversion from 'double' to 'float', possible loss of data
C:\Users\tommy\source\repos\flappybird\flappybird\Source.cpp(173,12): warning C4244: 'initializing': conversion from 'int' to 'float', possible loss of data
C:\Users\tommy\source\repos\flappybird\flappybird\Source.cpp(208,11): warning C4244: '=': conversion from 'int' to 'float', possible loss of data
C:\Users\tommy\source\repos\flappybird\flappybird\Source.cpp(209,20): warning C4244: '=': conversion from 'int' to 'float', possible loss of data
C:\Users\tommy\source\repos\flappybird\flappybird\Source.cpp(239,17): warning C4244: '=': conversion from 'double' to 'float', possible loss of data
C:\Users\tommy\source\repos\flappybird\flappybird\Source.cpp(277,14): warning C4244: 'initializing': conversion from 'double' to 'float', possible loss of data
C:\Users\tommy\source\repos\flappybird\flappybird\Source.cpp(278,10): warning C4244: 'initializing': conversion from 'double' to 'float', possible loss of data
C:\Users\tommy\source\repos\flappybird\flappybird\Source.cpp(279,10): warning C4244: 'initializing': conversion from 'double' to 'float', possible loss of data
C:\Users\tommy\source\repos\flappybird\flappybird\Source.cpp(301,14): warning C4244: 'initializing': conversion from 'double' to 'float', possible loss of data
C:\Users\tommy\source\repos\flappybird\flappybird\Source.cpp(302,10): warning C4244: 'initializing': conversion from 'double' to 'float', possible loss of data
C:\Users\tommy\source\repos\flappybird\flappybird\Source.cpp(303,10): warning C4244: 'initializing': conversion from 'double' to 'float', possible loss of data
C:\Users\tommy\source\repos\flappybird\flappybird\Source.cpp(325,14): warning C4244: 'initializing': conversion from 'double' to 'float', possible loss of data
C:\Users\tommy\source\repos\flappybird\flappybird\Source.cpp(356,21): warning C4018: '<': signed/unsigned mismatch
C:\Users\tommy\source\repos\flappybird\flappybird\Source.cpp(357,58): warning C4244: 'argument': conversion from '_Ty2' to 'GLfloat', possible loss of data
          with
          [
              _Ty2=double
          ]
C:\Users\tommy\source\repos\flappybird\flappybird\Source.cpp(357,33): warning C4244: 'argument': conversion from '_Ty1' to 'GLfloat', possible loss of data
          with
          [
              _Ty1=double
          ]
C:\Users\tommy\source\repos\flappybird\flappybird\Source.cpp(373,14): warning C4244: 'initializing': conversion from 'double' to 'float', possible loss of data
C:\Users\tommy\source\repos\flappybird\flappybird\Source.cpp(384,14): warning C4244: 'initializing': conversion from 'double' to 'float', possible loss of data
C:\Users\tommy\source\repos\flappybird\flappybird\Source.cpp(395,14): warning C4244: 'initializing': conversion from 'double' to 'float', possible loss of data
C:\Users\tommy\source\repos\flappybird\flappybird\Source.cpp(447,13): warning C4244: 'argument': conversion from 'int' to 'float', possible loss of data
C:\Users\tommy\source\repos\flappybird\flappybird\Source.cpp(454,12): warning C4244: 'argument': conversion from 'double' to 'GLfloat', possible loss of data
C:\Users\tommy\source\repos\flappybird\flappybird\Source.cpp(477,23): warning C4244: 'argument': conversion from 'double' to 'GLfloat', possible loss of data
C:\Users\tommy\source\repos\flappybird\flappybird\Source.cpp(477,15): warning C4244: 'argument': conversion from 'double' to 'GLfloat', possible loss of data
C:\Users\tommy\source\repos\flappybird\flappybird\Source.cpp(492,34): warning C4244: 'argument': conversion from 'double' to 'GLfloat', possible loss of data
C:\Users\tommy\source\repos\flappybird\flappybird\Source.cpp(493,35): warning C4244: 'argument': conversion from 'double' to 'GLfloat', possible loss of data
C:\Users\tommy\source\repos\flappybird\flappybird\Source.cpp(494,46): warning C4244: 'argument': conversion from 'double' to 'GLfloat', possible loss of data
C:\Users\tommy\source\repos\flappybird\flappybird\Source.cpp(495,46): warning C4244: 'argument': conversion from 'double' to 'GLfloat', possible loss of data
C:\Users\tommy\source\repos\flappybird\flappybird\Source.cpp(498,39): warning C4244: 'argument': conversion from 'double' to 'GLfloat', possible loss of data
C:\Users\tommy\source\repos\flappybird\flappybird\Source.cpp(499,40): warning C4244: 'argument': conversion from 'double' to 'GLfloat', possible loss of data
C:\Users\tommy\source\repos\flappybird\flappybird\Source.cpp(500,45): warning C4244: 'argument': conversion from 'double' to 'GLfloat', possible loss of data
C:\Users\tommy\source\repos\flappybird\flappybird\Source.cpp(501,45): warning C4244: 'argument': conversion from 'double' to 'GLfloat', possible loss of data
C:\Users\tommy\source\repos\flappybird\flappybird\Source.cpp(519,22): warning C4244: 'argument': conversion from 'double' to 'GLfloat', possible loss of data
C:\Users\tommy\source\repos\flappybird\flappybird\Source.cpp(519,15): warning C4244: 'argument': conversion from 'double' to 'GLfloat', possible loss of data
C:\Users\tommy\source\repos\flappybird\flappybird\Source.cpp(521,13): warning C4244: 'argument': conversion from 'int' to 'float', possible loss of data
  flappybird.vcxproj -> C:\Users\tommy\source\repos\flappybird\Debug\flappybird.exe
